<?xml version="1.0" encoding="utf-8" standalone="no"?>
<!--This file represents the results of running a test suite-->
<test-results name="E:\Автоматизация\Tut\SMART\bin\Debug\OnlinerTestDemo.dll" total="1" errors="0" failures="1" not-run="0" inconclusive="0" ignored="0" skipped="0" invalid="0" date="2015-10-27" time="00:54:05">
  <environment nunit-version="2.6.4.14350" clr-version="2.0.50727.5485" os-version="Microsoft Windows NT 6.1.7601 Service Pack 1" platform="Win32NT" cwd="C:\Program Files (x86)\NUnit 2.6.4\bin" machine-name="HAPIK-ПК" user="Hapik" user-domain="Hapik-ПК" />
  <culture-info current-culture="ru-RU" current-uiculture="ru-RU" />
  <test-suite type="Assembly" name="E:\Автоматизация\Tut\SMART\bin\Debug\OnlinerTestDemo.dll" executed="True" result="Failure" success="False" time="25.745" asserts="0">
    <results>
      <test-suite type="Namespace" name="demo" executed="True" result="Failure" success="False" time="25.723" asserts="0">
        <results>
          <test-suite type="Namespace" name="tests" executed="True" result="Failure" success="False" time="25.722" asserts="0">
            <results>
              <test-suite type="TestFixture" name="Test1" executed="True" result="Failure" success="False" time="25.710" asserts="0">
                <results>
                  <test-case name="demo.tests.Test1.RunTest" executed="True" result="Failure" success="False" time="25.277" asserts="1">
                    <failure>
                      <message><![CDATA[  Expected: True
  But was:  False
]]></message>
                      <stack-trace><![CDATA[в demo.tests.Test1.RunTest() в e:\Автоматизация\Tut\SMART\tests\Test_tut.cs:строка 25
]]></stack-trace>
                    </failure>
                  </test-case>
                </results>
              </test-suite>
            </results>
          </test-suite>
        </results>
      </test-suite>
    </results>
  </test-suite>
</test-results>